commit 7e0c904e8e2cd5d285ce24f5a359786185536443
Author: vickysalamea <vsalamea22@gmail.com>
Date:   Sun Jul 15 14:32:13 2018 -0500

    Subida de Historico

commit db85c5a1f3f388e09e731d7f3bba6e8d3c8ef95d
Author: vickysalamea <vsalamea22@gmail.com>
Date:   Sun Jul 15 14:29:41 2018 -0500

    Subida de Log

commit 414e7228cf34f98c0b88d49fdd6421709386eaf5
Author: vickysalamea <vsalamea22@gmail.com>
Date:   Sun Jul 15 14:24:35 2018 -0500

    Branch Periodista cambio

commit 812994e513de69e1f94c72f2be8c868c9c1a709d
Author: vickysalamea <vsalamea22@gmail.com>
Date:   Sun Jul 15 14:14:54 2018 -0500

    Index docs

commit 10ae21467114b7cac4c5da3f6bf33c9bf673cb6a
Author: vickysalamea <vsalamea22@gmail.com>
Date:   Sun Jul 15 14:13:43 2018 -0500

    Index docs

commit 6cee6cd141a550ed7b0cbf7b9647512ec0479313
Author: vickysalamea <vsalamea22@gmail.com>
Date:   Sun Jul 15 14:03:36 2018 -0500

    Carpeta Docs

commit de7e2d50d1b22c3b1d2f5e33e969f8330176a279
Author: vickysalamea <vsalamea22@gmail.com>
Date:   Sun Jul 15 14:00:56 2018 -0500

    Archivo Readme

commit dc2e6c0e869070263e4675a36e6de6c9c1da14c8
Author: vickysalamea <vsalamea22@gmail.com>
Date:   Sun Jul 15 14:00:09 2018 -0500

    Archivo Readme

commit 7f955573df9973f6302912c784942546da100a64
Merge: 0f4d0ee 9b5321e
Author: vickysalamea <vsalamea22@gmail.com>
Date:   Sun Jul 15 13:58:03 2018 -0500

    Archivo Readme

commit 0f4d0eee00d5da44a6493f8846965e593f6542e2
Author: vickysalamea <vsalamea22@gmail.com>
Date:   Sun Jul 15 13:55:24 2018 -0500

    Archivo Readme

commit 9b5321e66d8b389ff87c21d82f1de6c05704a81a
Author: VickySalamea <39868645+vickysalamea@users.noreply.github.com>
Date:   Sun Jul 15 13:55:14 2018 -0500

    Delete README.md

commit 801121797eca4dcc8afe2ecbac750da935364c1b
Author: VickySalamea <39868645+vickysalamea@users.noreply.github.com>
Date:   Sun Jul 15 13:44:28 2018 -0500

    Delete index.html

commit ab9e25a613a6604308348a717bf8ff3b83bcac4b
Author: VickySalamea <39868645+vickysalamea@users.noreply.github.com>
Date:   Sun Jul 15 12:59:33 2018 -0500

    Delete index - copia.html

commit 38fc6277f7285c231a8aa706b425f7ab31369d2a
Author: VickySalamea <39868645+vickysalamea@users.noreply.github.com>
Date:   Sun Jul 15 12:59:25 2018 -0500

    Delete index - copia (2).html

commit 885b6ba6eb414d3fe045d72b2c0033674cd4e026
Author: VickySalamea <39868645+vickysalamea@users.noreply.github.com>
Date:   Sun Jul 15 12:59:17 2018 -0500

    Delete index - copia (3).html

commit 59e9f382ad6ef684383e3f052ea8ec4e95f4cb38
Author: vickysalamea <vsalamea22@gmail.com>
Date:   Sun Jul 15 12:57:04 2018 -0500

    ddd

commit 52298e93fc80ce1e189d2f05572ced699461200f
Author: VickySalamea <39868645+vickysalamea@users.noreply.github.com>
Date:   Sun Jul 15 08:42:38 2018 -0500

    Create README.md
